<?xml version="1.0" encoding="UTF-8"?>
<!-- Generated by org.testng.reporters.JUnitReportReporter -->
<testsuite skipped="0" hostname="DESKTOP-8IGUF9C" name="com.sapiensacademytest.suite.User" tests="4" failures="0" timestamp="25 Aug 2021 01:59:41 GMT" time="0.019" errors="0">
  <testcase name="clickToRemoveUser" time="0.008" classname="com.sapiensacademytest.suite.User"/>
  <testcase name="clickOnUser" time="0.002" classname="com.sapiensacademytest.suite.User"/>
  <testcase name="modifyUser" time="0.002" classname="com.sapiensacademytest.suite.User"/>
  <testcase name="clickToAddUser" time="0.007" classname="com.sapiensacademytest.suite.User"/>
</testsuite> <!-- com.sapiensacademytest.suite.User -->
