<?xml version="1.0" encoding="UTF-8"?>
<!-- Generated by org.testng.reporters.JUnitReportReporter -->
<testsuite skipped="0" hostname="DESKTOP-8IGUF9C" name="com.sapiensacademytest.suite.Cart" tests="4" failures="0" timestamp="26 Aug 2021 00:31:28 GMT" time="0.073" errors="0">
  <testcase name="modifyItemOnCart" time="0.002" classname="com.sapiensacademytest.suite.Cart"/>
  <testcase name="clickOnItemOnCart" time="0.001" classname="com.sapiensacademytest.suite.Cart"/>
  <testcase name="addItemOnCart" time="0.029" classname="com.sapiensacademytest.suite.Cart"/>
  <testcase name="removeItemOnCart" time="0.041" classname="com.sapiensacademytest.suite.Cart"/>
</testsuite> <!-- com.sapiensacademytest.suite.Cart -->
