<?xml version="1.0" encoding="UTF-8"?>
<!-- Generated by org.testng.reporters.JUnitReportReporter -->
<testsuite skipped="0" hostname="DESKTOP-8IGUF9C" name="com.sapiensacademytest.suite.User" tests="2" failures="0" timestamp="24 Aug 2021 01:54:50 GMT" time="0.004" errors="0">
  <testcase name="clickToRemoveUser" time="0.003" classname="com.sapiensacademytest.suite.User"/>
  <testcase name="clickToAddUser" time="0.001" classname="com.sapiensacademytest.suite.User"/>
</testsuite> <!-- com.sapiensacademytest.suite.User -->
