<?xml version="1.0" encoding="UTF-8"?>
<!-- Generated by org.testng.reporters.JUnitReportReporter -->
<testsuite skipped="0" hostname="DESKTOP-8IGUF9C" name="com.sapiensacademytest.suite.Department" tests="4" failures="0" timestamp="25 Aug 2021 01:59:41 GMT" time="0.011" errors="0">
  <testcase name="clickOnDepartment" time="0.001" classname="com.sapiensacademytest.suite.Department"/>
  <testcase name="addDepartment" time="0.002" classname="com.sapiensacademytest.suite.Department"/>
  <testcase name="modifyDepartment" time="0.007" classname="com.sapiensacademytest.suite.Department"/>
  <testcase name="removeDepartment" time="0.001" classname="com.sapiensacademytest.suite.Department"/>
</testsuite> <!-- com.sapiensacademytest.suite.Department -->
