<?xml version="1.0" encoding="UTF-8"?>
<!-- Generated by org.testng.reporters.JUnitReportReporter -->
<testsuite skipped="0" hostname="DESKTOP-8IGUF9C" name="com.sapiensacademytest.suite.Item" tests="4" failures="0" timestamp="24 Aug 2021 01:54:50 GMT" time="0.013" errors="0">
  <testcase name="addItem" time="0.007" classname="com.sapiensacademytest.suite.Item"/>
  <testcase name="clickOnItem" time="0.003" classname="com.sapiensacademytest.suite.Item"/>
  <testcase name="modifyItem" time="0.002" classname="com.sapiensacademytest.suite.Item"/>
  <testcase name="removeItem" time="0.001" classname="com.sapiensacademytest.suite.Item"/>
</testsuite> <!-- com.sapiensacademytest.suite.Item -->
