<?xml version="1.0" encoding="UTF-8"?>
<!-- Generated by org.testng.reporters.JUnitReportReporter -->
<testsuite skipped="0" hostname="DESKTOP-8IGUF9C" name="com.sapiensacademytest.suite.Cart" tests="4" failures="0" timestamp="25 Aug 2021 01:59:41 GMT" time="0.015" errors="0">
  <testcase name="clickOnItemOnCart" time="0.005" classname="com.sapiensacademytest.suite.Cart"/>
  <testcase name="addItemOnCart" time="0.006" classname="com.sapiensacademytest.suite.Cart"/>
  <testcase name="removeItemOnCart" time="0.001" classname="com.sapiensacademytest.suite.Cart"/>
  <testcase name="modifyItemOnCart" time="0.003" classname="com.sapiensacademytest.suite.Cart"/>
</testsuite> <!-- com.sapiensacademytest.suite.Cart -->
